





























2022-05-19 14:20:53 IoHandler:30 - -----------------------------------------
2022-05-19 14:20:53 IoHandler:35 - 		 ********Door********
2022-05-19 14:20:53 IoHandler:30 - 		 *                  *
2022-05-19 14:20:53 IoHandler:30 - 		 *                  *
2022-05-19 14:20:53 IoHandler:30 - 		Wall               Wall
2022-05-19 14:20:53 IoHandler:30 - 		 *                  *
2022-05-19 14:20:53 IoHandler:30 - 		 *                  *
2022-05-19 14:20:53 IoHandler:35 - 		 ********Shop********
2022-05-19 14:20:53 IoHandler:30 - -----------------------------------------
2022-05-19 14:20:53 IoHandler:30 - I have 250 seconds to collect 600 gold, better get to it.
2022-05-19 14:20:53 IoHandler:30 - Awaiting command...
2022-05-19 14:21:00 IoHandler:30 - 






























2022-05-19 14:21:00 IoHandler:30 - -----------------------------------------
2022-05-19 14:21:00 IoHandler:35 - 		 ******Painting******
2022-05-19 14:21:00 IoHandler:30 - 		 *                  *
2022-05-19 14:21:00 IoHandler:30 - 		 *                  *
2022-05-19 14:21:00 IoHandler:30 - 		Door               Door
2022-05-19 14:21:00 IoHandler:30 - 		 *                  *
2022-05-19 14:21:00 IoHandler:30 - 		 *                  *
2022-05-19 14:21:00 IoHandler:35 - 		 ********Door********
2022-05-19 14:21:00 IoHandler:30 - -----------------------------------------
2022-05-19 14:21:00 IoHandler:30 - Awaiting command...
2022-05-19 14:21:03 IoHandler:30 - Found 50, now I've got 350 gold
2022-05-19 14:21:03 IoHandler:30 - Awaiting command...
2022-05-19 14:21:06 IoHandler:30 - Got nothing here
2022-05-19 14:21:06 IoHandler:30 - Awaiting command...
2022-05-19 14:21:08 IoHandler:30 - 






























2022-05-19 14:21:08 IoHandler:30 - -----------------------------------------
2022-05-19 14:21:08 IoHandler:35 - 		 ********Door********
2022-05-19 14:21:08 IoHandler:30 - 		 *                  *
2022-05-19 14:21:08 IoHandler:30 - 		 *                  *
2022-05-19 14:21:08 IoHandler:30 - 		Door               Door
2022-05-19 14:21:08 IoHandler:30 - 		 *                  *
2022-05-19 14:21:08 IoHandler:30 - 		 *                  *
2022-05-19 14:21:08 IoHandler:35 - 		 *******Mirror*******
2022-05-19 14:21:08 IoHandler:30 - -----------------------------------------
2022-05-19 14:21:08 IoHandler:30 - Awaiting command...
2022-05-19 14:21:09 IoHandler:30 - 






























2022-05-19 14:21:09 IoHandler:30 - -----------------------------------------
2022-05-19 14:21:09 IoHandler:35 - 		 ********???********
2022-05-19 14:21:09 IoHandler:30 - 		 *                  *
2022-05-19 14:21:09 IoHandler:30 - 		 *                  *
2022-05-19 14:21:09 IoHandler:30 - 		???                ???
2022-05-19 14:21:09 IoHandler:30 - 		 *                  *
2022-05-19 14:21:09 IoHandler:30 - 		 *                  *
2022-05-19 14:21:09 IoHandler:35 - 		 ********???********
2022-05-19 14:21:09 IoHandler:30 - -----------------------------------------
2022-05-19 14:21:09 IoHandler:30 - Awaiting command...
2022-05-19 14:21:11 IoHandler:30 - 






























2022-05-19 14:21:11 IoHandler:30 - I cant see, I'll head back to the last location
2022-05-19 14:21:11 IoHandler:30 - -----------------------------------------
2022-05-19 14:21:11 IoHandler:35 - 		 ********Door********
2022-05-19 14:21:11 IoHandler:30 - 		 *                  *
2022-05-19 14:21:11 IoHandler:30 - 		 *                  *
2022-05-19 14:21:11 IoHandler:30 - 		Door               Door
2022-05-19 14:21:11 IoHandler:30 - 		 *                  *
2022-05-19 14:21:11 IoHandler:30 - 		 *                  *
2022-05-19 14:21:11 IoHandler:35 - 		 *******Mirror*******
2022-05-19 14:21:11 IoHandler:30 - -----------------------------------------
2022-05-19 14:21:11 IoHandler:30 - Awaiting command...
2022-05-19 14:21:11 IoHandler:30 - Found key for chest/s number 
2022-05-19 14:21:11 IoHandler:35 - 4 
2022-05-19 14:21:11 IoHandler:30 - Awaiting command...
